c:\users\илья\source\repos\лаба ооп\debug\vc142.pdb
c:\users\илья\source\repos\лаба ооп\debug\vc142.idb
c:\users\илья\source\repos\лаба ооп\debug\point.obj
c:\users\илья\source\repos\лаба ооп\debug\location.obj
c:\users\илья\source\repos\лаба ооп\debug\line.obj
c:\users\илья\source\repos\лаба ооп\debug\getconlwin.obj
c:\users\илья\source\repos\лаба ооп\debug\circle.obj
c:\users\илья\source\repos\лаба ооп\debug\body.obj
c:\users\илья\source\repos\лаба ооп\debug\main.obj
c:\users\илья\source\repos\лаба ооп\debug\treewithbranch.obj
c:\users\илья\source\repos\лаба ооп\debug\лаба ооп.exe
c:\users\илья\source\repos\лаба ооп\debug\лаба ооп.ilk
c:\users\илья\source\repos\лаба ооп\debug\лаба ооп.pdb
c:\users\илья\source\repos\лаба ооп\debug\treewithbrunch.obj
c:\users\илья\source\repos\лаба ооп\debug\лаба ооп.tlog\cl.command.1.tlog
c:\users\илья\source\repos\лаба ооп\debug\лаба ооп.tlog\cl.read.1.tlog
c:\users\илья\source\repos\лаба ооп\debug\лаба ооп.tlog\cl.write.1.tlog
c:\users\илья\source\repos\лаба ооп\debug\лаба ооп.tlog\link.command.1.tlog
c:\users\илья\source\repos\лаба ооп\debug\лаба ооп.tlog\link.read.1.tlog
c:\users\илья\source\repos\лаба ооп\debug\лаба ооп.tlog\link.write.1.tlog
